#
# There is insufficient memory for the Java Runtime Environment to continue.
# Native memory allocation (mmap) failed to map 89522176 bytes for committing reserved memory.
# Possible reasons:
#   The system is out of physical RAM or swap space
#   The process is running with CompressedOops enabled, and the Java Heap may be blocking the growth of the native heap
# Possible solutions:
#   Reduce memory load on the system
#   Increase physical memory or swap space
#   Check if swap backing store is full
#   Decrease Java heap size (-Xmx/-Xms)
#   Decrease number of Java threads
#   Decrease Java thread stack sizes (-Xss)
#   Set larger code cache with -XX:ReservedCodeCacheSize=
# This output file may be truncated or incomplete.
#
#  Out of Memory Error (os_linux.cpp:2647), pid=8842, tid=8846
#
# JRE version:  (9.0+11) (build )
# Java VM: Java HotSpot(TM) 64-Bit Server VM (9.0.4+11, mixed mode, aot, tiered, compressed oops, serial gc, linux-amd64)
# No core dump will be written. Core dumps have been disabled. To enable core dumping, try "ulimit -c unlimited" before starting Java again
#

---------------  S U M M A R Y ------------

Command Line: -Xms128M -Xmx512M 

Host: Intel(R) Xeon(R) CPU E5-2676 v3 @ 2.40GHz, 1 cores, 993M, Amazon Linux AMI release 2017.09
Time: Sun Mar 18 06:23:41 2018 UTC elapsed time: 0 seconds (0d 0h 0m 0s)

---------------  T H R E A D  ---------------

Current thread (0x00007fc72c010000):  JavaThread "Unknown thread" [_thread_in_vm, id=8846, stack(0x00007fc7323bb000,0x00007fc7324bb000)]

Stack: [0x00007fc7323bb000,0x00007fc7324bb000],  sp=0x00007fc7324b93c0,  free space=1016k
Native frames: (J=compiled Java code, A=aot compiled Java code, j=interpreted, Vv=VM code, C=native code)
V  [libjvm.so+0xd4c6c2]  VMError::report_and_die(int, char const*, char const*, __va_list_tag*, Thread*, unsigned char*, void*, void*, char const*, int, unsigned long)+0x162
V  [libjvm.so+0xd4d32b]  VMError::report_and_die(Thread*, char const*, int, unsigned long, VMErrorType, char const*, __va_list_tag*)+0x2b
V  [libjvm.so+0x654ac8]  report_vm_out_of_memory(char const*, int, unsigned long, VMErrorType, char const*, ...)+0xd8
V  [libjvm.so+0xb68122]  os::pd_commit_memory(char*, unsigned long, unsigned long, bool)+0xf2
V  [libjvm.so+0xb625cf]  os::commit_memory(char*, unsigned long, unsigned long, bool)+0x1f
V  [libjvm.so+0xd46003]  VirtualSpace::expand_by(unsigned long, bool)+0x1c3
V  [libjvm.so+0x7b3ade]  Generation::Generation(ReservedSpace, unsigned long)+0x8e
V  [libjvm.so+0x541cd6]  CardGeneration::CardGeneration(ReservedSpace, unsigned long, CardTableRS*)+0x36
V  [libjvm.so+0xce2ee8]  TenuredGeneration::TenuredGeneration(ReservedSpace, unsigned long, CardTableRS*)+0x28
V  [libjvm.so+0x7b45df]  GenerationSpec::init(ReservedSpace, CardTableRS*)+0x11f
V  [libjvm.so+0x7970fc]  GenCollectedHeap::initialize()+0x1ac
V  [libjvm.so+0xd0beff]  Universe::initialize_heap()+0x2f
V  [libjvm.so+0xd0c476]  universe_init()+0x46
V  [libjvm.so+0x80f267]  init_globals()+0x57
V  [libjvm.so+0xcede6e]  Threads::create_vm(JavaVMInitArgs*, bool*)+0x2ae
V  [libjvm.so+0x8adc4c]  JNI_CreateJavaVM+0x5c
C  [libjli.so+0x3a01]  JavaMain+0x81
C  [libpthread.so.0+0x7de5]  start_thread+0xc5


---------------  P R O C E S S  ---------------

Java Threads: ( => current thread )

Other Threads:

=>0x00007fc72c010000 (exited) JavaThread "Unknown thread" [_thread_in_vm, id=8846, stack(0x00007fc7323bb000,0x00007fc7324bb000)]

Threads with active compile tasks:

VM state:not at safepoint (not fully initialized)

VM Mutex/Monitor currently owned by a thread: None

Heap address: 0x00000000e0000000, size: 512 MB, Compressed Oops mode: Non-zero based: 0x00000000e0000000
Narrow klass base: 0x0000000000000000, Narrow klass shift: 0

GC Heap History (0 events):
No events

Deoptimization events (0 events):
No events

Classes redefined (0 events):
No events

Internal exceptions (0 events):
No events

Events (0 events):
No events


Dynamic libraries:
00400000-00401000 r-xp 00000000 ca:01 39531                              /usr/java/jdk-9.0.4/bin/java
00600000-00601000 rw-p 00000000 ca:01 39531                              /usr/java/jdk-9.0.4/bin/java
00c3c000-00c5d000 rw-p 00000000 00:00 0                                  [heap]
e0000000-e2aa0000 rw-p 00000000 00:00 0 
e2aa0000-eaaa0000 ---p 00000000 00:00 0 
f0000000-100000000 ---p 00000000 00:00 0 
7fc7108b5000-7fc710bf9000 rw-p 00000000 00:00 0 
7fc710bf9000-7fc710ce3000 ---p 00000000 00:00 0 
7fc710ce3000-7fc710ce9000 rw-p 00000000 00:00 0 
7fc710ce9000-7fc710dcf000 ---p 00000000 00:00 0 
7fc710dcf000-7fc710dd4000 rw-p 00000000 00:00 0 
7fc710dd4000-7fc710eba000 ---p 00000000 00:00 0 
7fc710eba000-7fc71112a000 rwxp 00000000 00:00 0 
7fc71112a000-7fc711449000 ---p 00000000 00:00 0 
7fc711449000-7fc7116b9000 rwxp 00000000 00:00 0 
7fc7116b9000-7fc718981000 ---p 00000000 00:00 0 
7fc718981000-7fc718bf1000 rwxp 00000000 00:00 0 
7fc718bf1000-7fc71feba000 ---p 00000000 00:00 0 
7fc71feba000-7fc72b377000 r--s 00000000 ca:01 41808                      /usr/java/jdk-9.0.4/lib/modules
7fc72b377000-7fc72b391000 r-xp 00000000 ca:01 40224                      /usr/java/jdk-9.0.4/lib/libjimage.so
7fc72b391000-7fc72b590000 ---p 0001a000 ca:01 40224                      /usr/java/jdk-9.0.4/lib/libjimage.so
7fc72b590000-7fc72b592000 rw-p 00019000 ca:01 40224                      /usr/java/jdk-9.0.4/lib/libjimage.so
7fc72b592000-7fc72b5a4000 rw-p 00000000 00:00 0 
7fc72b5a4000-7fc72b5ab000 r-xp 00000000 ca:01 40250                      /usr/java/jdk-9.0.4/lib/libzip.so
7fc72b5ab000-7fc72b7aa000 ---p 00007000 ca:01 40250                      /usr/java/jdk-9.0.4/lib/libzip.so
7fc72b7aa000-7fc72b7ab000 rw-p 00006000 ca:01 40250                      /usr/java/jdk-9.0.4/lib/libzip.so
7fc72b7ab000-7fc72b7b7000 r-xp 00000000 ca:01 2709                       /lib64/libnss_files-2.17.so
7fc72b7b7000-7fc72b9b6000 ---p 0000c000 ca:01 2709                       /lib64/libnss_files-2.17.so
7fc72b9b6000-7fc72b9b7000 r--p 0000b000 ca:01 2709                       /lib64/libnss_files-2.17.so
7fc72b9b7000-7fc72b9b8000 rw-p 0000c000 ca:01 2709                       /lib64/libnss_files-2.17.so
7fc72b9b8000-7fc72b9be000 rw-p 00000000 00:00 0 
7fc72b9be000-7fc72b9e9000 r-xp 00000000 ca:01 40212                      /usr/java/jdk-9.0.4/lib/libjava.so
7fc72b9e9000-7fc72bbe8000 ---p 0002b000 ca:01 40212                      /usr/java/jdk-9.0.4/lib/libjava.so
7fc72bbe8000-7fc72bbea000 rw-p 0002a000 ca:01 40212                      /usr/java/jdk-9.0.4/lib/libjava.so
7fc72bbea000-7fc72bbf7000 r-xp 00000000 ca:01 40249                      /usr/java/jdk-9.0.4/lib/libverify.so
7fc72bbf7000-7fc72bdf6000 ---p 0000d000 ca:01 40249                      /usr/java/jdk-9.0.4/lib/libverify.so
7fc72bdf6000-7fc72bdf8000 rw-p 0000c000 ca:01 40249                      /usr/java/jdk-9.0.4/lib/libverify.so
7fc72bdf8000-7fc72bdff000 r-xp 00000000 ca:01 2721                       /lib64/librt-2.17.so
7fc72bdff000-7fc72bffe000 ---p 00007000 ca:01 2721                       /lib64/librt-2.17.so
7fc72bffe000-7fc72bfff000 r--p 00006000 ca:01 2721                       /lib64/librt-2.17.so
7fc72bfff000-7fc72c000000 rw-p 00007000 ca:01 2721                       /lib64/librt-2.17.so
7fc72c000000-7fc72c03b000 rw-p 00000000 00:00 0 
7fc72c03b000-7fc730000000 ---p 00000000 00:00 0 
7fc730017000-7fc730118000 r-xp 00000000 ca:01 2699                       /lib64/libm-2.17.so
7fc730118000-7fc730317000 ---p 00101000 ca:01 2699                       /lib64/libm-2.17.so
7fc730317000-7fc730318000 r--p 00100000 ca:01 2699                       /lib64/libm-2.17.so
7fc730318000-7fc730319000 rw-p 00101000 ca:01 2699                       /lib64/libm-2.17.so
7fc730319000-7fc73132e000 r-xp 00000000 ca:01 41829                      /usr/java/jdk-9.0.4/lib/server/libjvm.so
7fc73132e000-7fc73152d000 ---p 01015000 ca:01 41829                      /usr/java/jdk-9.0.4/lib/server/libjvm.so
7fc73152d000-7fc7315fe000 r--p 01014000 ca:01 41829                      /usr/java/jdk-9.0.4/lib/server/libjvm.so
7fc7315fe000-7fc731635000 rw-p 010e5000 ca:01 41829                      /usr/java/jdk-9.0.4/lib/server/libjvm.so
7fc731635000-7fc73169e000 rw-p 00000000 00:00 0 
7fc73169e000-7fc731858000 r-xp 00000000 ca:01 2691                       /lib64/libc-2.17.so
7fc731858000-7fc731a57000 ---p 001ba000 ca:01 2691                       /lib64/libc-2.17.so
7fc731a57000-7fc731a5b000 r--p 001b9000 ca:01 2691                       /lib64/libc-2.17.so
7fc731a5b000-7fc731a5d000 rw-p 001bd000 ca:01 2691                       /lib64/libc-2.17.so
7fc731a5d000-7fc731a62000 rw-p 00000000 00:00 0 
7fc731a62000-7fc731a64000 r-xp 00000000 ca:01 2697                       /lib64/libdl-2.17.so
7fc731a64000-7fc731c64000 ---p 00002000 ca:01 2697                       /lib64/libdl-2.17.so
7fc731c64000-7fc731c65000 r--p 00002000 ca:01 2697                       /lib64/libdl-2.17.so
7fc731c65000-7fc731c66000 rw-p 00003000 ca:01 2697                       /lib64/libdl-2.17.so
7fc731c66000-7fc731c74000 r-xp 00000000 ca:01 40181                      /usr/java/jdk-9.0.4/lib/jli/libjli.so
7fc731c74000-7fc731e74000 ---p 0000e000 ca:01 40181                      /usr/java/jdk-9.0.4/lib/jli/libjli.so
7fc731e74000-7fc731e75000 rw-p 0000e000 ca:01 40181                      /usr/java/jdk-9.0.4/lib/jli/libjli.so
7fc731e75000-7fc731e8c000 r-xp 00000000 ca:01 2717                       /lib64/libpthread-2.17.so
7fc731e8c000-7fc73208b000 ---p 00017000 ca:01 2717                       /lib64/libpthread-2.17.so
7fc73208b000-7fc73208c000 r--p 00016000 ca:01 2717                       /lib64/libpthread-2.17.so
7fc73208c000-7fc73208d000 rw-p 00017000 ca:01 2717                       /lib64/libpthread-2.17.so
7fc73208d000-7fc732091000 rw-p 00000000 00:00 0 
7fc732091000-7fc7320a6000 r-xp 00000000 ca:01 2837                       /lib64/libz.so.1.2.8
7fc7320a6000-7fc7322a5000 ---p 00015000 ca:01 2837                       /lib64/libz.so.1.2.8
7fc7322a5000-7fc7322a6000 r--p 00014000 ca:01 2837                       /lib64/libz.so.1.2.8
7fc7322a6000-7fc7322a7000 rw-p 00015000 ca:01 2837                       /lib64/libz.so.1.2.8
7fc7322a7000-7fc7322c8000 r-xp 00000000 ca:01 2684                       /lib64/ld-2.17.so
7fc7323a6000-7fc7323ab000 rw-p 00000000 00:00 0 
7fc7323ab000-7fc7323b2000 ---p 00000000 00:00 0 
7fc7323b2000-7fc7323ba000 rw-s 00000000 ca:01 43690                      /tmp/hsperfdata_ec2-user/8842
7fc7323ba000-7fc7323bf000 ---p 00000000 00:00 0 
7fc7323bf000-7fc7324c0000 rw-p 00000000 00:00 0 
7fc7324c2000-7fc7324c6000 rw-p 00000000 00:00 0 
7fc7324c6000-7fc7324c7000 r--p 00000000 00:00 0 
7fc7324c7000-7fc7324c8000 rw-p 00000000 00:00 0 
7fc7324c8000-7fc7324c9000 r--p 00021000 ca:01 2684                       /lib64/ld-2.17.so
7fc7324c9000-7fc7324ca000 rw-p 00022000 ca:01 2684                       /lib64/ld-2.17.so
7fc7324ca000-7fc7324cb000 rw-p 00000000 00:00 0 
7fff681fc000-7fff6821d000 rw-p 00000000 00:00 0                          [stack]
7fff683a8000-7fff683aa000 r--p 00000000 00:00 0                          [vvar]
7fff683aa000-7fff683ac000 r-xp 00000000 00:00 0                          [vdso]
ffffffffff600000-ffffffffff601000 r-xp 00000000 00:00 0                  [vsyscall]

VM Arguments:
jvm_args: -Xms128M -Xmx512M 
java_command: <unknown>
java_class_path (initial): <not set>
Launcher Type: SUN_STANDARD

Logging:
Log output configuration:
#0: stdout all=warning uptime,level,tags
#1: stderr all=off uptime,level,tags

Environment Variables:
JAVA_HOME=/usr/java/latest
PATH=/home/ec2-user/.nvm/versions/node/v6.13.0/bin:/usr/local/rvm/gems/ruby-2.4.1/bin:/usr/local/rvm/gems/ruby-2.4.1@global/bin:/usr/local/rvm/rubies/ruby-2.4.1/bin:/usr/local/bin:/bin:/usr/bin:/home/ec2-user/.local/bin:/home/ec2-user/bin:/usr/local/sbin:/usr/sbin:/sbin:/opt/aws/bin:/usr/local/rvm/bin:/home/ec2-user/.local/bin:/home/ec2-user/bin:/home/ec2-user/.local/bin:/home/ec2-user/bin:/usr/local/scala/bin
SHELL=/bin/bash

Signal Handlers:
SIGSEGV: [libjvm.so+0xd4d370], sa_mask[0]=11111111011111111101111111111110, sa_flags=SA_RESTART|SA_SIGINFO
SIGBUS: [libjvm.so+0xd4d370], sa_mask[0]=11111111011111111101111111111110, sa_flags=SA_RESTART|SA_SIGINFO
SIGFPE: [libjvm.so+0xd4d370], sa_mask[0]=11111111011111111101111111111110, sa_flags=SA_RESTART|SA_SIGINFO
SIGPIPE: [libjvm.so+0xb64780], sa_mask[0]=11111111011111111101111111111110, sa_flags=SA_RESTART|SA_SIGINFO
SIGXFSZ: [libjvm.so+0xb64780], sa_mask[0]=11111111011111111101111111111110, sa_flags=SA_RESTART|SA_SIGINFO
SIGILL: [libjvm.so+0xd4d370], sa_mask[0]=11111111011111111101111111111110, sa_flags=SA_RESTART|SA_SIGINFO
SIGUSR2: [libjvm.so+0xb64640], sa_mask[0]=00000000000000000000000000000000, sa_flags=SA_RESTART|SA_SIGINFO
SIGHUP: SIG_DFL, sa_mask[0]=00000000000000000000000000000000, sa_flags=none
SIGINT: SIG_DFL, sa_mask[0]=00000000000000000000000000000000, sa_flags=none
SIGTERM: SIG_DFL, sa_mask[0]=00000000000000000000000000000000, sa_flags=none
SIGQUIT: SIG_DFL, sa_mask[0]=00000000000000000000000000000000, sa_flags=none


---------------  S Y S T E M  ---------------

OS:Amazon Linux AMI release 2017.09
uname:Linux 4.9.85-37.55.amzn1.x86_64 #1 SMP Mon Mar 5 19:00:48 UTC 2018 x86_64
libc:glibc 2.17 NPTL 2.17 
rlimit: STACK 8192k, CORE 0k, NPROC 3902, NOFILE 4096, AS infinity
load average:0.00 0.04 0.00

/proc/meminfo:
MemTotal:        1017056 kB
MemFree:           65816 kB
MemAvailable:      31300 kB
Buffers:            3052 kB
Cached:            55856 kB
SwapCached:            0 kB
Active:           885308 kB
Inactive:          19628 kB
Active(anon):     846052 kB
Inactive(anon):       48 kB
Active(file):      39256 kB
Inactive(file):    19580 kB
Unevictable:           0 kB
Mlocked:               0 kB
SwapTotal:             0 kB
SwapFree:              0 kB
Dirty:               104 kB
Writeback:             0 kB
AnonPages:        846044 kB
Mapped:            36092 kB
Shmem:                56 kB
Slab:              26096 kB
SReclaimable:      14952 kB
SUnreclaim:        11144 kB
KernelStack:        2748 kB
PageTables:         6468 kB
NFS_Unstable:          0 kB
Bounce:                0 kB
WritebackTmp:          0 kB
CommitLimit:      508528 kB
Committed_AS:    1847560 kB
VmallocTotal:   34359738367 kB
VmallocUsed:           0 kB
VmallocChunk:          0 kB
AnonHugePages:         0 kB
ShmemHugePages:        0 kB
ShmemPmdMapped:        0 kB
HugePages_Total:       0
HugePages_Free:        0
HugePages_Rsvd:        0
HugePages_Surp:        0
Hugepagesize:       2048 kB
DirectMap4k:       16384 kB
DirectMap2M:     1032192 kB


CPU:total 1 (initial active 1) (1 cores per cpu, 1 threads per core) family 6 model 63 stepping 2, cmov, cx8, fxsr, mmx, sse, sse2, sse3, ssse3, sse4.1, sse4.2, popcnt, avx, avx2, aes, clmul, erms, lzcnt, tsc, bmi1, bmi2, fma
CPU Model and flags from /proc/cpuinfo:
model name	: Intel(R) Xeon(R) CPU E5-2676 v3 @ 2.40GHz
flags		: fpu vme de pse tsc msr pae mce cx8 apic sep mtrr pge mca cmov pat pse36 clflush mmx fxsr sse sse2 ht syscall nx rdtscp lm constant_tsc rep_good nopl xtopology eagerfpu pni pclmulqdq ssse3 fma cx16 pcid sse4_1 sse4_2 x2apic movbe popcnt tsc_deadline_timer aes xsave avx f16c rdrand hypervisor lahf_lm abm invpcid_single kaiser fsgsbase bmi1 avx2 smep bmi2 erms invpcid xsaveopt

Memory: 4k page, physical 1017056k(65816k free), swap 0k(0k free)

vm_info: Java HotSpot(TM) 64-Bit Server VM (9.0.4+11) for linux-amd64 JRE (9.0.4+11), built on Dec 19 2017 18:12:19 by "mach5one" with gcc 4.9.2

END.
